{"C:\\Users\\hepeng\\Desktop\\归档\\src\\const\\note_type.ts": {"path":"C:\\Users\\hepeng\\Desktop\\归档\\src\\const\\note_type.ts","all":false,"statementMap":{"0":{"start":{"line":1,"column":0},"end":{"line":1,"column":46}},"1":{"start":{"line":2,"column":0},"end":{"line":2,"column":36}},"2":{"start":{"line":3,"column":0},"end":{"line":3,"column":40}}},"s":{"0":1,"1":1,"2":1},"branchMap":{},"b":{},"fnMap":{},"f":{}}
,"C:\\Users\\hepeng\\Desktop\\归档\\src\\methods\\clippingParser.ts": {"path":"C:\\Users\\hepeng\\Desktop\\归档\\src\\methods\\clippingParser.ts","all":false,"statementMap":{"0":{"start":{"line":1,"column":0},"end":{"line":1,"column":19}},"1":{"start":{"line":2,"column":0},"end":{"line":2,"column":37}},"2":{"start":{"line":3,"column":0},"end":{"line":3,"column":39}},"3":{"start":{"line":4,"column":0},"end":{"line":4,"column":0}},"4":{"start":{"line":5,"column":0},"end":{"line":5,"column":47}},"5":{"start":{"line":6,"column":0},"end":{"line":6,"column":37}},"6":{"start":{"line":7,"column":0},"end":{"line":7,"column":17}},"7":{"start":{"line":8,"column":0},"end":{"line":8,"column":45}},"8":{"start":{"line":9,"column":0},"end":{"line":9,"column":5}},"9":{"start":{"line":10,"column":0},"end":{"line":10,"column":38}},"10":{"start":{"line":11,"column":0},"end":{"line":11,"column":0}},"11":{"start":{"line":12,"column":0},"end":{"line":12,"column":64}},"12":{"start":{"line":13,"column":0},"end":{"line":13,"column":22}},"13":{"start":{"line":14,"column":0},"end":{"line":14,"column":0}},"14":{"start":{"line":15,"column":0},"end":{"line":15,"column":30}},"15":{"start":{"line":16,"column":0},"end":{"line":16,"column":52}},"16":{"start":{"line":17,"column":0},"end":{"line":17,"column":5}},"17":{"start":{"line":18,"column":0},"end":{"line":18,"column":18}},"18":{"start":{"line":19,"column":0},"end":{"line":19,"column":1}},"19":{"start":{"line":20,"column":0},"end":{"line":20,"column":0}},"20":{"start":{"line":21,"column":0},"end":{"line":21,"column":29}}},"s":{"0":1,"1":1,"2":1,"3":1,"4":2,"5":2,"6":2,"7":1,"8":1,"9":1,"10":1,"11":1,"12":1,"13":1,"14":2,"15":4,"16":4,"17":1,"18":1,"19":1,"20":1},"branchMap":{"0":{"type":"branch","line":5,"loc":{"start":{"line":5,"column":0},"end":{"line":19,"column":1}},"locations":[{"start":{"line":5,"column":0},"end":{"line":19,"column":1}}]},"1":{"type":"branch","line":7,"loc":{"start":{"line":7,"column":16},"end":{"line":15,"column":29}},"locations":[{"start":{"line":7,"column":16},"end":{"line":15,"column":29}}]},"2":{"type":"branch","line":15,"loc":{"start":{"line":15,"column":29},"end":{"line":17,"column":5}},"locations":[{"start":{"line":15,"column":29},"end":{"line":17,"column":5}}]},"3":{"type":"branch","line":18,"loc":{"start":{"line":18,"column":-1},"end":{"line":19,"column":1}},"locations":[{"start":{"line":18,"column":-1},"end":{"line":19,"column":1}}]}},"b":{"0":[2],"1":[1],"2":[4],"3":[1]},"fnMap":{"0":{"name":"clippingParser","decl":{"start":{"line":5,"column":0},"end":{"line":19,"column":1}},"loc":{"start":{"line":5,"column":0},"end":{"line":19,"column":1}},"line":5}},"f":{"0":2}}
,"C:\\Users\\hepeng\\Desktop\\归档\\src\\methods\\clippingPathInit.ts": {"path":"C:\\Users\\hepeng\\Desktop\\归档\\src\\methods\\clippingPathInit.ts","all":false,"statementMap":{"0":{"start":{"line":1,"column":0},"end":{"line":1,"column":19}},"1":{"start":{"line":2,"column":0},"end":{"line":2,"column":23}},"2":{"start":{"line":3,"column":0},"end":{"line":3,"column":0}},"3":{"start":{"line":4,"column":0},"end":{"line":4,"column":61}},"4":{"start":{"line":5,"column":0},"end":{"line":5,"column":0}},"5":{"start":{"line":6,"column":0},"end":{"line":6,"column":30}},"6":{"start":{"line":7,"column":0},"end":{"line":7,"column":0}},"7":{"start":{"line":8,"column":0},"end":{"line":8,"column":24}},"8":{"start":{"line":9,"column":0},"end":{"line":9,"column":0}},"9":{"start":{"line":10,"column":0},"end":{"line":10,"column":52}},"10":{"start":{"line":11,"column":0},"end":{"line":11,"column":34}},"11":{"start":{"line":12,"column":0},"end":{"line":12,"column":52}},"12":{"start":{"line":13,"column":0},"end":{"line":13,"column":37}},"13":{"start":{"line":14,"column":0},"end":{"line":14,"column":48}},"14":{"start":{"line":15,"column":0},"end":{"line":15,"column":5}},"15":{"start":{"line":16,"column":0},"end":{"line":16,"column":35}},"16":{"start":{"line":17,"column":0},"end":{"line":17,"column":1}}},"s":{"0":1,"1":1,"2":1,"3":1,"4":1,"5":1,"6":1,"7":1,"8":1,"9":4,"10":4,"11":2,"12":2,"13":1,"14":1,"15":1,"16":1},"branchMap":{"0":{"type":"branch","line":10,"loc":{"start":{"line":10,"column":0},"end":{"line":17,"column":1}},"locations":[{"start":{"line":10,"column":0},"end":{"line":17,"column":1}}]},"1":{"type":"branch","line":11,"loc":{"start":{"line":11,"column":33},"end":{"line":17,"column":1}},"locations":[{"start":{"line":11,"column":33},"end":{"line":17,"column":1}}]},"2":{"type":"branch","line":13,"loc":{"start":{"line":13,"column":36},"end":{"line":17,"column":1}},"locations":[{"start":{"line":13,"column":36},"end":{"line":17,"column":1}}]}},"b":{"0":[4],"1":[2],"2":[1]},"fnMap":{"0":{"name":"initClippingPath","decl":{"start":{"line":10,"column":0},"end":{"line":17,"column":1}},"loc":{"start":{"line":10,"column":0},"end":{"line":17,"column":1}},"line":10}},"f":{"0":4}}
,"C:\\Users\\hepeng\\Desktop\\归档\\src\\methods\\labelParser.ts": {"path":"C:\\Users\\hepeng\\Desktop\\归档\\src\\methods\\labelParser.ts","all":false,"statementMap":{"0":{"start":{"line":1,"column":0},"end":{"line":1,"column":73}},"1":{"start":{"line":2,"column":0},"end":{"line":2,"column":51}},"2":{"start":{"line":3,"column":0},"end":{"line":3,"column":0}},"3":{"start":{"line":4,"column":0},"end":{"line":4,"column":44}},"4":{"start":{"line":5,"column":0},"end":{"line":5,"column":31}},"5":{"start":{"line":6,"column":0},"end":{"line":6,"column":65}},"6":{"start":{"line":7,"column":0},"end":{"line":7,"column":0}},"7":{"start":{"line":8,"column":0},"end":{"line":8,"column":31}},"8":{"start":{"line":9,"column":0},"end":{"line":9,"column":0}},"9":{"start":{"line":10,"column":0},"end":{"line":10,"column":42}},"10":{"start":{"line":11,"column":0},"end":{"line":11,"column":23}},"11":{"start":{"line":12,"column":0},"end":{"line":12,"column":3}},"12":{"start":{"line":13,"column":0},"end":{"line":13,"column":37}},"13":{"start":{"line":14,"column":0},"end":{"line":14,"column":18}},"14":{"start":{"line":15,"column":0},"end":{"line":15,"column":3}},"15":{"start":{"line":16,"column":0},"end":{"line":16,"column":62}},"16":{"start":{"line":17,"column":0},"end":{"line":17,"column":52}},"17":{"start":{"line":18,"column":0},"end":{"line":18,"column":58}},"18":{"start":{"line":19,"column":0},"end":{"line":19,"column":0}},"19":{"start":{"line":20,"column":0},"end":{"line":20,"column":10}},"20":{"start":{"line":21,"column":0},"end":{"line":21,"column":9}},"21":{"start":{"line":22,"column":0},"end":{"line":22,"column":9}},"22":{"start":{"line":23,"column":0},"end":{"line":23,"column":13}},"23":{"start":{"line":24,"column":0},"end":{"line":24,"column":9}},"24":{"start":{"line":25,"column":0},"end":{"line":25,"column":4}},"25":{"start":{"line":26,"column":0},"end":{"line":26,"column":1}},"26":{"start":{"line":27,"column":0},"end":{"line":27,"column":0}},"27":{"start":{"line":28,"column":0},"end":{"line":28,"column":47}},"28":{"start":{"line":29,"column":0},"end":{"line":29,"column":36}},"29":{"start":{"line":30,"column":0},"end":{"line":30,"column":30}},"30":{"start":{"line":31,"column":0},"end":{"line":31,"column":46}},"31":{"start":{"line":32,"column":0},"end":{"line":32,"column":12}},"32":{"start":{"line":33,"column":0},"end":{"line":33,"column":19}},"33":{"start":{"line":34,"column":0},"end":{"line":34,"column":23}},"34":{"start":{"line":35,"column":0},"end":{"line":35,"column":15}},"35":{"start":{"line":36,"column":0},"end":{"line":36,"column":6}},"36":{"start":{"line":37,"column":0},"end":{"line":37,"column":10}},"37":{"start":{"line":38,"column":0},"end":{"line":38,"column":58}},"38":{"start":{"line":39,"column":0},"end":{"line":39,"column":12}},"39":{"start":{"line":40,"column":0},"end":{"line":40,"column":19}},"40":{"start":{"line":41,"column":0},"end":{"line":41,"column":19}},"41":{"start":{"line":42,"column":0},"end":{"line":42,"column":15}},"42":{"start":{"line":43,"column":0},"end":{"line":43,"column":6}},"43":{"start":{"line":44,"column":0},"end":{"line":44,"column":3}},"44":{"start":{"line":45,"column":0},"end":{"line":45,"column":1}},"45":{"start":{"line":46,"column":0},"end":{"line":46,"column":0}},"46":{"start":{"line":47,"column":0},"end":{"line":47,"column":26}}},"s":{"0":1,"1":1,"2":1,"3":8,"4":8,"5":8,"6":8,"7":8,"8":8,"9":8,"10":7,"11":7,"12":8,"13":1,"14":1,"15":8,"16":8,"17":8,"18":8,"19":8,"20":8,"21":8,"22":8,"23":8,"24":8,"25":8,"26":1,"27":8,"28":8,"29":8,"30":1,"31":1,"32":1,"33":1,"34":1,"35":1,"36":8,"37":7,"38":7,"39":7,"40":7,"41":7,"42":7,"43":7,"44":8,"45":1,"46":1},"branchMap":{"0":{"type":"branch","line":4,"loc":{"start":{"line":4,"column":0},"end":{"line":26,"column":1}},"locations":[{"start":{"line":4,"column":0},"end":{"line":26,"column":1}}]},"1":{"type":"branch","line":10,"loc":{"start":{"line":10,"column":41},"end":{"line":12,"column":3}},"locations":[{"start":{"line":10,"column":41},"end":{"line":12,"column":3}}]},"2":{"type":"branch","line":13,"loc":{"start":{"line":13,"column":36},"end":{"line":15,"column":3}},"locations":[{"start":{"line":13,"column":36},"end":{"line":15,"column":3}}]},"3":{"type":"branch","line":16,"loc":{"start":{"line":16,"column":55},"end":{"line":16,"column":61}},"locations":[{"start":{"line":16,"column":55},"end":{"line":16,"column":61}}]},"4":{"type":"branch","line":18,"loc":{"start":{"line":18,"column":51},"end":{"line":18,"column":57}},"locations":[{"start":{"line":18,"column":51},"end":{"line":18,"column":57}}]},"5":{"type":"branch","line":28,"loc":{"start":{"line":28,"column":0},"end":{"line":45,"column":1}},"locations":[{"start":{"line":28,"column":0},"end":{"line":45,"column":1}}]},"6":{"type":"branch","line":30,"loc":{"start":{"line":30,"column":29},"end":{"line":37,"column":9}},"locations":[{"start":{"line":30,"column":29},"end":{"line":37,"column":9}}]},"7":{"type":"branch","line":37,"loc":{"start":{"line":37,"column":3},"end":{"line":44,"column":3}},"locations":[{"start":{"line":37,"column":3},"end":{"line":44,"column":3}}]}},"b":{"0":[8],"1":[7],"2":[1],"3":[1],"4":[1],"5":[8],"6":[1],"7":[7]},"fnMap":{"0":{"name":"labelParser","decl":{"start":{"line":4,"column":0},"end":{"line":26,"column":1}},"loc":{"start":{"line":4,"column":0},"end":{"line":26,"column":1}},"line":4},"1":{"name":"labelSplit","decl":{"start":{"line":28,"column":0},"end":{"line":45,"column":1}},"loc":{"start":{"line":28,"column":0},"end":{"line":45,"column":1}},"line":28}},"f":{"0":8,"1":8}}
,"C:\\Users\\hepeng\\Desktop\\归档\\src\\methods\\lineParser.ts": {"path":"C:\\Users\\hepeng\\Desktop\\归档\\src\\methods\\lineParser.ts","all":false,"statementMap":{"0":{"start":{"line":1,"column":0},"end":{"line":1,"column":54}},"1":{"start":{"line":2,"column":0},"end":{"line":2,"column":39}},"2":{"start":{"line":3,"column":0},"end":{"line":3,"column":0}},"3":{"start":{"line":4,"column":0},"end":{"line":4,"column":47}},"4":{"start":{"line":5,"column":0},"end":{"line":5,"column":45}},"5":{"start":{"line":6,"column":0},"end":{"line":6,"column":10}},"6":{"start":{"line":7,"column":0},"end":{"line":7,"column":13}},"7":{"start":{"line":8,"column":0},"end":{"line":8,"column":12}},"8":{"start":{"line":9,"column":0},"end":{"line":9,"column":26}},"9":{"start":{"line":10,"column":0},"end":{"line":10,"column":4}},"10":{"start":{"line":11,"column":0},"end":{"line":11,"column":1}},"11":{"start":{"line":12,"column":0},"end":{"line":12,"column":0}},"12":{"start":{"line":13,"column":0},"end":{"line":13,"column":26}}},"s":{"0":1,"1":1,"2":1,"3":4,"4":4,"5":4,"6":4,"7":4,"8":4,"9":4,"10":4,"11":1,"12":1},"branchMap":{"0":{"type":"branch","line":4,"loc":{"start":{"line":4,"column":0},"end":{"line":11,"column":1}},"locations":[{"start":{"line":4,"column":0},"end":{"line":11,"column":1}}]}},"b":{"0":[4]},"fnMap":{"0":{"name":"lineParser","decl":{"start":{"line":4,"column":0},"end":{"line":11,"column":1}},"loc":{"start":{"line":4,"column":0},"end":{"line":11,"column":1}},"line":4}},"f":{"0":4}}
,"C:\\Users\\hepeng\\Desktop\\归档\\src\\methods\\noteMerge.ts": {"path":"C:\\Users\\hepeng\\Desktop\\归档\\src\\methods\\noteMerge.ts","all":false,"statementMap":{"0":{"start":{"line":1,"column":0},"end":{"line":1,"column":51}},"1":{"start":{"line":2,"column":0},"end":{"line":2,"column":0}},"2":{"start":{"line":3,"column":0},"end":{"line":3,"column":58}},"3":{"start":{"line":4,"column":0},"end":{"line":4,"column":46}},"4":{"start":{"line":5,"column":0},"end":{"line":5,"column":44}},"5":{"start":{"line":6,"column":0},"end":{"line":6,"column":28}},"6":{"start":{"line":7,"column":0},"end":{"line":7,"column":33}},"7":{"start":{"line":8,"column":0},"end":{"line":8,"column":0}},"8":{"start":{"line":9,"column":0},"end":{"line":9,"column":12}},"9":{"start":{"line":10,"column":0},"end":{"line":10,"column":19}},"10":{"start":{"line":11,"column":0},"end":{"line":11,"column":37}},"11":{"start":{"line":12,"column":0},"end":{"line":12,"column":56}},"12":{"start":{"line":13,"column":0},"end":{"line":13,"column":11}},"13":{"start":{"line":14,"column":0},"end":{"line":14,"column":27}},"14":{"start":{"line":15,"column":0},"end":{"line":15,"column":24}},"15":{"start":{"line":16,"column":0},"end":{"line":16,"column":29}},"16":{"start":{"line":17,"column":0},"end":{"line":17,"column":33}},"17":{"start":{"line":18,"column":0},"end":{"line":18,"column":14}},"18":{"start":{"line":19,"column":0},"end":{"line":19,"column":15}},"19":{"start":{"line":20,"column":0},"end":{"line":20,"column":46}},"20":{"start":{"line":21,"column":0},"end":{"line":21,"column":30}},"21":{"start":{"line":22,"column":0},"end":{"line":22,"column":9}},"22":{"start":{"line":23,"column":0},"end":{"line":23,"column":5}},"23":{"start":{"line":24,"column":0},"end":{"line":24,"column":0}},"24":{"start":{"line":25,"column":0},"end":{"line":25,"column":19}},"25":{"start":{"line":26,"column":0},"end":{"line":26,"column":1}},"26":{"start":{"line":27,"column":0},"end":{"line":27,"column":0}},"27":{"start":{"line":28,"column":0},"end":{"line":28,"column":24}}},"s":{"0":1,"1":1,"2":2,"3":2,"4":2,"5":4,"6":4,"7":4,"8":4,"9":4,"10":4,"11":2,"12":4,"13":2,"14":2,"15":2,"16":2,"17":2,"18":2,"19":2,"20":2,"21":2,"22":4,"23":2,"24":2,"25":2,"26":1,"27":1},"branchMap":{"0":{"type":"branch","line":3,"loc":{"start":{"line":3,"column":0},"end":{"line":26,"column":1}},"locations":[{"start":{"line":3,"column":0},"end":{"line":26,"column":1}}]},"1":{"type":"branch","line":5,"loc":{"start":{"line":5,"column":43},"end":{"line":23,"column":5}},"locations":[{"start":{"line":5,"column":43},"end":{"line":23,"column":5}}]},"2":{"type":"branch","line":10,"loc":{"start":{"line":10,"column":16},"end":{"line":11,"column":34}},"locations":[{"start":{"line":10,"column":16},"end":{"line":11,"column":34}}]},"3":{"type":"branch","line":11,"loc":{"start":{"line":11,"column":34},"end":{"line":12,"column":56}},"locations":[{"start":{"line":11,"column":34},"end":{"line":12,"column":56}}]},"4":{"type":"branch","line":13,"loc":{"start":{"line":13,"column":10},"end":{"line":22,"column":9}},"locations":[{"start":{"line":13,"column":10},"end":{"line":22,"column":9}}]}},"b":{"0":[2],"1":[4],"2":[2],"3":[2],"4":[2]},"fnMap":{"0":{"name":"mergeNote","decl":{"start":{"line":3,"column":0},"end":{"line":26,"column":1}},"loc":{"start":{"line":3,"column":0},"end":{"line":26,"column":1}},"line":3}},"f":{"0":2}}
}
