TN:
SF:src\const\note_type.ts
FNF:0
FNH:0
DA:1,1
DA:2,1
DA:3,1
LF:3
LH:3
BRF:0
BRH:0
end_of_record
TN:
SF:src\methods\clippingParser.ts
FN:5,clippingParser
FNF:1
FNH:1
FNDA:2,clippingParser
DA:1,1
DA:2,1
DA:3,1
DA:4,1
DA:5,2
DA:6,2
DA:7,2
DA:8,1
DA:9,1
DA:10,1
DA:11,1
DA:12,1
DA:13,1
DA:14,1
DA:15,2
DA:16,5
DA:17,5
DA:18,1
DA:19,1
DA:20,1
DA:21,1
LF:21
LH:21
BRDA:5,0,0,2
BRDA:7,1,0,1
BRDA:15,2,0,5
BRDA:18,3,0,1
BRF:4
BRH:4
end_of_record
TN:
SF:src\methods\clippingPathInit.ts
FN:10,initClippingPath
FNF:1
FNH:1
FNDA:3,initClippingPath
DA:1,1
DA:2,1
DA:3,1
DA:4,1
DA:5,1
DA:6,1
DA:7,1
DA:8,1
DA:9,1
DA:10,3
DA:11,3
DA:12,2
DA:13,3
DA:14,1
DA:15,1
DA:16,0
DA:17,0
LF:17
LH:15
BRDA:10,0,0,3
BRDA:11,1,0,2
BRDA:13,2,0,1
BRDA:16,3,0,0
BRF:4
BRH:3
end_of_record
TN:
SF:src\methods\labelParser.ts
FN:4,labelParser
FN:30,labelSplit
FNF:2
FNH:2
FNDA:9,labelParser
FNDA:9,labelSplit
DA:1,1
DA:2,1
DA:3,1
DA:4,9
DA:5,9
DA:6,9
DA:7,9
DA:8,9
DA:9,9
DA:10,9
DA:11,7
DA:12,7
DA:13,9
DA:14,2
DA:15,2
DA:16,9
DA:17,9
DA:18,9
DA:19,9
DA:20,9
DA:21,9
DA:22,9
DA:23,9
DA:24,9
DA:25,9
DA:26,9
DA:27,9
DA:28,9
DA:29,1
DA:30,9
DA:31,9
DA:32,9
DA:33,2
DA:34,2
DA:35,2
DA:36,2
DA:37,2
DA:38,2
DA:39,9
DA:40,7
DA:41,7
DA:42,7
DA:43,7
DA:44,7
DA:45,7
DA:46,7
DA:47,9
DA:48,1
DA:49,1
LF:49
LH:49
BRDA:4,0,0,9
BRDA:10,1,0,7
BRDA:13,2,0,2
BRDA:17,3,0,0
BRDA:18,4,0,2
BRDA:30,5,0,9
BRDA:32,6,0,2
BRDA:39,7,0,7
BRF:8
BRH:7
end_of_record
TN:
SF:src\methods\lineParser.ts
FN:4,lineParser
FNF:1
FNH:1
FNDA:5,lineParser
DA:1,1
DA:2,1
DA:3,1
DA:4,5
DA:5,5
DA:6,5
DA:7,5
DA:8,5
DA:9,5
DA:10,5
DA:11,5
DA:12,1
DA:13,1
LF:13
LH:13
BRDA:4,0,0,5
BRF:1
BRH:1
end_of_record
