TN:
SF:src\const\note_type.ts
FNF:0
FNH:0
DA:1,1
DA:2,1
DA:3,1
LF:3
LH:3
BRF:0
BRH:0
end_of_record
TN:
SF:src\methods\clippingParser.ts
FN:5,clippingParser
FNF:1
FNH:1
FNDA:2,clippingParser
DA:1,1
DA:2,1
DA:3,1
DA:4,1
DA:5,2
DA:6,2
DA:7,2
DA:8,1
DA:9,1
DA:10,1
DA:11,1
DA:12,1
DA:13,1
DA:14,1
DA:15,2
DA:16,4
DA:17,4
DA:18,1
DA:19,1
DA:20,1
DA:21,1
LF:21
LH:21
BRDA:5,0,0,2
BRDA:7,1,0,1
BRDA:15,2,0,4
BRDA:18,3,0,1
BRF:4
BRH:4
end_of_record
TN:
SF:src\methods\clippingPathInit.ts
FN:10,initClippingPath
FNF:1
FNH:1
FNDA:4,initClippingPath
DA:1,1
DA:2,1
DA:3,1
DA:4,1
DA:5,1
DA:6,1
DA:7,1
DA:8,1
DA:9,1
DA:10,4
DA:11,4
DA:12,2
DA:13,2
DA:14,1
DA:15,1
DA:16,1
DA:17,1
LF:17
LH:17
BRDA:10,0,0,4
BRDA:11,1,0,2
BRDA:13,2,0,1
BRF:3
BRH:3
end_of_record
TN:
SF:src\methods\labelParser.ts
FN:4,labelParser
FN:28,labelSplit
FNF:2
FNH:2
FNDA:8,labelParser
FNDA:8,labelSplit
DA:1,1
DA:2,1
DA:3,1
DA:4,8
DA:5,8
DA:6,8
DA:7,8
DA:8,8
DA:9,8
DA:10,8
DA:11,7
DA:12,7
DA:13,8
DA:14,1
DA:15,1
DA:16,8
DA:17,8
DA:18,8
DA:19,8
DA:20,8
DA:21,8
DA:22,8
DA:23,8
DA:24,8
DA:25,8
DA:26,8
DA:27,1
DA:28,8
DA:29,8
DA:30,8
DA:31,1
DA:32,1
DA:33,1
DA:34,1
DA:35,1
DA:36,1
DA:37,8
DA:38,7
DA:39,7
DA:40,7
DA:41,7
DA:42,7
DA:43,7
DA:44,7
DA:45,8
DA:46,1
DA:47,1
LF:47
LH:47
BRDA:4,0,0,8
BRDA:10,1,0,7
BRDA:13,2,0,1
BRDA:16,3,0,1
BRDA:18,4,0,1
BRDA:28,5,0,8
BRDA:30,6,0,1
BRDA:37,7,0,7
BRF:8
BRH:8
end_of_record
TN:
SF:src\methods\lineParser.ts
FN:4,lineParser
FNF:1
FNH:1
FNDA:4,lineParser
DA:1,1
DA:2,1
DA:3,1
DA:4,4
DA:5,4
DA:6,4
DA:7,4
DA:8,4
DA:9,4
DA:10,4
DA:11,4
DA:12,1
DA:13,1
LF:13
LH:13
BRDA:4,0,0,4
BRF:1
BRH:1
end_of_record
TN:
SF:src\methods\noteMerge.ts
FN:3,mergeNote
FNF:1
FNH:1
FNDA:2,mergeNote
DA:1,1
DA:2,1
DA:3,2
DA:4,2
DA:5,2
DA:6,4
DA:7,4
DA:8,4
DA:9,4
DA:10,4
DA:11,4
DA:12,2
DA:13,4
DA:14,2
DA:15,2
DA:16,2
DA:17,2
DA:18,2
DA:19,2
DA:20,2
DA:21,2
DA:22,2
DA:23,4
DA:24,2
DA:25,2
DA:26,2
DA:27,1
DA:28,1
LF:28
LH:28
BRDA:3,0,0,2
BRDA:5,1,0,4
BRDA:10,2,0,2
BRDA:11,3,0,2
BRDA:13,4,0,2
BRF:5
BRH:5
end_of_record
